#
# There is insufficient memory for the Java Runtime Environment to continue.
# Native memory allocation (mmap) failed to map 50999296 bytes for committing reserved memory.
# Possible reasons:
#   The system is out of physical RAM or swap space
#   The process is running with CompressedOops enabled, and the Java Heap may be blocking the growth of the native heap
# Possible solutions:
#   Reduce memory load on the system
#   Increase physical memory or swap space
#   Check if swap backing store is full
#   Decrease Java heap size (-Xmx/-Xms)
#   Decrease number of Java threads
#   Decrease Java thread stack sizes (-Xss)
#   Set larger code cache with -XX:ReservedCodeCacheSize=
#   JVM is running with Unscaled Compressed Oops mode in which the Java heap is
#     placed in the first 4GB address space. The Java Heap base address is the
#     maximum limit for the native heap growth. Please use -XX:HeapBaseMinAddress
#     to set the Java Heap base and to place the Java Heap above 4GB virtual address.
# This output file may be truncated or incomplete.
#
#  Out of Memory Error (os_linux.cpp:2832), pid=8650, tid=8667
#
# JRE version: OpenJDK Runtime Environment (11.0.5+10) (build 11.0.5+10-LTS)
# Java VM: OpenJDK 64-Bit Server VM (11.0.5+10-LTS, mixed mode, sharing, tiered, compressed oops, serial gc, linux-amd64)
# Core dump will be written. Default location: Core dumps may be processed with "/usr/lib/systemd/systemd-coredump %P %u %g %s %t %c %h %e" (or dumping to /home/ec2-user/petclinicrepo/core.8650)
#

---------------  S U M M A R Y ------------

Command Line: -Dclassworlds.conf=/opt/apache-maven-3.6.3/bin/m2.conf -Dmaven.home=/opt/apache-maven-3.6.3 -Dlibrary.jansi.path=/opt/apache-maven-3.6.3/lib/jansi-native -Dmaven.multiModuleProjectDirectory=/home/ec2-user/petclinicrepo org.codehaus.plexus.classworlds.launcher.Launcher compile

Host: Intel(R) Xeon(R) CPU E5-2676 v3 @ 2.40GHz, 1 cores, 818M, Red Hat Enterprise Linux release 8.1 (Ootpa)
Time: Mon Jan 13 06:43:15 2020 UTC elapsed time: 18 seconds (0d 0h 0m 18s)

---------------  T H R E A D  ---------------

Current thread (0x00007f086004b800):  VMThread "VM Thread" [stack: 0x00007f08487bf000,0x00007f08488bf000] [id=8667]

Stack: [0x00007f08487bf000,0x00007f08488bf000],  sp=0x00007f08488bd130,  free space=1016k
Native frames: (J=compiled Java code, A=aot compiled Java code, j=interpreted, Vv=VM code, C=native code)
V  [libjvm.so+0xef2204]  VMError::report_and_die(int, char const*, char const*, __va_list_tag*, Thread*, unsigned char*, void*, void*, char const*, int, unsigned long)+0x334
V  [libjvm.so+0xef2ecf]  VMError::report_and_die(Thread*, char const*, int, unsigned long, VMErrorType, char const*, __va_list_tag*)+0x2f
V  [libjvm.so+0x69466d]  report_vm_out_of_memory(char const*, int, unsigned long, VMErrorType, char const*, ...)+0xdd
V  [libjvm.so+0xbe83d2]  os::pd_commit_memory(char*, unsigned long, unsigned long, bool)+0xe2
V  [libjvm.so+0xbdef32]  os::commit_memory(char*, unsigned long, unsigned long, bool)+0x32
V  [libjvm.so+0xeea42b]  VirtualSpace::expand_by(unsigned long, bool)+0x15b
V  [libjvm.so+0x56d755]  CardGeneration::grow_by(unsigned long)+0x35
V  [libjvm.so+0x56d9a6]  CardGeneration::expand(unsigned long, unsigned long)+0xd6
V  [libjvm.so+0xe82a6a]  TenuredGeneration::expand(unsigned long, unsigned long)+0x4a
V  [libjvm.so+0x56e0f3]  CardGeneration::compute_new_size()+0x5b3
V  [libjvm.so+0x7ed5f6]  GenCollectedHeap::do_collection(bool, bool, unsigned long, bool, GenCollectedHeap::GenerationType)+0xb06
V  [libjvm.so+0x7edc25]  GenCollectedHeap::satisfy_failed_allocation(unsigned long, bool)+0x115
V  [libjvm.so+0xef4247]  VM_GenCollectForAllocation::doit()+0x67
V  [libjvm.so+0xefcf8b]  VM_Operation::evaluate()+0xeb
V  [libjvm.so+0xefa4ce]  VMThread::evaluate_operation(VM_Operation*) [clone .constprop.70]+0x11e
V  [libjvm.so+0xefabc8]  VMThread::loop()+0x5b8
V  [libjvm.so+0xefaea6]  VMThread::run()+0x86
V  [libjvm.so+0xe8b1f7]  Thread::call_run()+0x147
V  [libjvm.so+0xbed466]  thread_native_entry(Thread*)+0xf6

VM_Operation (0x00007f0868bc8570): GenCollectForAllocation, mode: safepoint, requested by thread 0x00007f0860013800


---------------  P R O C E S S  ---------------

Threads class SMR info:
_java_thread_list=0x00007f08600a34e0, length=9, elements={
0x00007f0860013800, 0x00007f086004e800, 0x00007f0860050800, 0x00007f086005a800,
0x00007f086005c800, 0x00007f086005e800, 0x00007f0860060800, 0x00007f086009c000,
0x00007f08600a2000
}

Java Threads: ( => current thread )
  0x00007f0860013800 JavaThread "main" [_thread_blocked, id=8666, stack(0x00007f0868acc000,0x00007f0868bcd000)]
  0x00007f086004e800 JavaThread "Reference Handler" daemon [_thread_blocked, id=8668, stack(0x00007f08486bc000,0x00007f08487bd000)]
  0x00007f0860050800 JavaThread "Finalizer" daemon [_thread_blocked, id=8669, stack(0x00007f08485bb000,0x00007f08486bc000)]
  0x00007f086005a800 JavaThread "Signal Dispatcher" daemon [_thread_blocked, id=8670, stack(0x00007f0848242000,0x00007f0848343000)]
  0x00007f086005c800 JavaThread "C2 CompilerThread0" daemon [_thread_blocked, id=8671, stack(0x00007f0848141000,0x00007f0848242000)]
  0x00007f086005e800 JavaThread "C1 CompilerThread0" daemon [_thread_blocked, id=8672, stack(0x00007f0848040000,0x00007f0848141000)]
  0x00007f0860060800 JavaThread "Sweeper thread" daemon [_thread_blocked, id=8673, stack(0x00007f0833eff000,0x00007f0834000000)]
  0x00007f086009c000 JavaThread "Service Thread" daemon [_thread_blocked, id=8674, stack(0x00007f0833dfe000,0x00007f0833eff000)]
  0x00007f08600a2000 JavaThread "Common-Cleaner" daemon [_thread_blocked, id=8676, stack(0x00007f0833bfb000,0x00007f0833cfc000)]

Other Threads:
=>0x00007f086004b800 VMThread "VM Thread" [stack: 0x00007f08487bf000,0x00007f08488bf000] [id=8667]
  0x00007f086009e000 WatcherThread [stack: 0x00007f0833cfe000,0x00007f0833dfe000] [id=8675]

Threads with active compile tasks:
C2 CompilerThread0  23764 6088       4       com.github.sommeri.less4j.core.validators.LessAstValidator::validate (189 bytes)

VM state:at safepoint (normal execution)

VM Mutex/Monitor currently owned by a thread:  ([mutex/lock_event])
[0x00007f0860010780] Threads_lock - owner thread: 0x00007f086004b800
[0x00007f0860010ed0] Heap_lock - owner thread: 0x00007f0860013800

Heap address: 0x00000000f3200000, size: 206 MB, Compressed Oops mode: 32-bit
Narrow klass base: 0x0000000800000000, Narrow klass shift: 3
Compressed class space size: 1073741824 Address: 0x0000000840000000

Heap:
 def new generation   total 40256K, used 4234K [0x00000000f3200000, 0x00000000f5da0000, 0x00000000f76a0000)
  eden space 35840K,  11% used [0x00000000f3200000, 0x00000000f3622b88, 0x00000000f5500000)
  from space 4416K,   0% used [0x00000000f5500000, 0x00000000f5500000, 0x00000000f5950000)
  to   space 4416K,   0% used [0x00000000f5950000, 0x00000000f5950000, 0x00000000f5da0000)
 tenured generation   total 90868K, used 90867K [0x00000000f76a0000, 0x00000000fcf5d000, 0x0000000100000000)
   the space 90868K,  99% used [0x00000000f76a0000, 0x00000000fcf5cff8, 0x00000000fcf5d000, 0x00000000fcf5d000)
 Metaspace       used 36855K, capacity 37484K, committed 38016K, reserved 1083392K
  class space    used 4447K, capacity 4673K, committed 4736K, reserved 1048576K

Card table byte_map: [0x00007f0868a50000,0x00007f0868ab8000] _byte_map_base: 0x00007f08682b7000

Polling page: 0x00007f0868bd6000

Metaspace:

Usage:
  Non-class:     32.04 MB capacity,    31.65 MB ( 99%) used,   346.67 KB (  1%) free+waste,    55.69 KB ( <1%) overhead. 
      Class:      4.56 MB capacity,     4.34 MB ( 95%) used,   201.99 KB (  4%) free+waste,    23.88 KB ( <1%) overhead. 
       Both:     36.61 MB capacity,    35.99 MB ( 98%) used,   548.66 KB (  1%) free+waste,    79.56 KB ( <1%) overhead. 

Virtual space:
  Non-class space:       34.00 MB reserved,      32.50 MB ( 96%) committed 
      Class space:        1.00 GB reserved,       4.62 MB ( <1%) committed 
             Both:        1.03 GB reserved,      37.12 MB (  4%) committed 

Chunk freelists:
   Non-Class:  437.00 KB
       Class:  31.00 KB
        Both:  468.00 KB

MaxMetaspaceSize: unlimited
CompressedClassSpaceSize: 1.00 GB

CodeHeap 'non-profiled nmethods': size=120036Kb used=3331Kb max_used=3331Kb free=116704Kb
 bounds [0x00007f0850407000, 0x00007f0850757000, 0x00007f0857940000]
CodeHeap 'profiled nmethods': size=120032Kb used=15406Kb max_used=15406Kb free=104626Kb
 bounds [0x00007f0848ecf000, 0x00007f0849ddf000, 0x00007f0850407000]
CodeHeap 'non-nmethods': size=5692Kb used=1199Kb max_used=1245Kb free=4492Kb
 bounds [0x00007f0848940000, 0x00007f0848bb0000, 0x00007f0848ecf000]
 total_blobs=8144 nmethods=6092 adapters=465
 compilation: enabled
              stopped_count=0, restarted_count=0
 full_count=0

Compilation events (20 events):
Event: 17.990 Thread 0x00007f086005e800 6122       3       com.github.sommeri.less4j.core.ast.NestedSelectorAppender::getType (4 bytes)
Event: 17.990 Thread 0x00007f086005e800 nmethod 6122 0x00007f0849dd9c90 code [0x00007f0849dd9e40, 0x00007f0849dd9fd0]
Event: 17.990 Thread 0x00007f086005e800 6125       1       com.github.sommeri.less4j.core.compiler.scopes.ScopesTree::getParent (5 bytes)
Event: 17.990 Thread 0x00007f086005e800 nmethod 6125 0x00007f0850746190 code [0x00007f0850746340, 0x00007f0850746470]
Event: 17.990 Thread 0x00007f086005e800 6126       1       com.github.sommeri.less4j.core.compiler.scopes.ComposedDumbScope::getSurroundingScopes (5 bytes)
Event: 17.990 Thread 0x00007f086005e800 nmethod 6126 0x00007f0850746510 code [0x00007f08507466c0, 0x00007f08507467f0]
Event: 17.990 Thread 0x00007f086005e800 6130       1       com.github.sommeri.less4j.core.ast.SimpleSelector::isEmptyForm (5 bytes)
Event: 17.990 Thread 0x00007f086005e800 nmethod 6130 0x00007f0850746890 code [0x00007f0850746a40, 0x00007f0850746b70]
Event: 17.990 Thread 0x00007f086005e800 6133       1       com.github.sommeri.less4j.core.ast.ASTCssNode::getOpeningComments (5 bytes)
Event: 17.991 Thread 0x00007f086005e800 nmethod 6133 0x00007f0850746c10 code [0x00007f0850746dc0, 0x00007f0850746ef0]
Event: 17.991 Thread 0x00007f086005e800 6134       1       com.github.sommeri.less4j.core.ast.ASTCssNode::getOrphanComments (5 bytes)
Event: 17.991 Thread 0x00007f086005e800 nmethod 6134 0x00007f0850746f90 code [0x00007f0850747140, 0x00007f0850747270]
Event: 17.991 Thread 0x00007f086005e800 6135       1       com.github.sommeri.less4j.core.ast.ASTCssNode::getTrailingComments (5 bytes)
Event: 17.991 Thread 0x00007f086005e800 nmethod 6135 0x00007f0850747310 code [0x00007f08507474c0, 0x00007f08507475f0]
Event: 17.991 Thread 0x00007f086005e800 6131       1       com.github.sommeri.less4j.core.ast.Selector::getParts (5 bytes)
Event: 17.991 Thread 0x00007f086005e800 nmethod 6131 0x00007f0850747690 code [0x00007f0850747840, 0x00007f0850747970]
Event: 17.991 Thread 0x00007f086005e800 6129       1       com.github.sommeri.less4j.core.compiler.scopes.ScopesTree::setParent (6 bytes)
Event: 17.991 Thread 0x00007f086005e800 nmethod 6129 0x00007f0850747a10 code [0x00007f0850747bc0, 0x00007f0850747d10]
Event: 17.991 Thread 0x00007f086005e800 6120       3       com.github.sommeri.less4j.core.ast.MediaQuery::getChilds (28 bytes)
Event: 17.991 Thread 0x00007f086005e800 nmethod 6120 0x00007f0849dda090 code [0x00007f0849dda260, 0x00007f0849dda6f8]

GC Heap History (20 events):
Event: 14.939 GC heap after
{Heap after GC invocations=54 (full 3):
 def new generation   total 21120K, used 1245K [0x00000000f3200000, 0x00000000f48e0000, 0x00000000f76a0000)
  eden space 18816K,   0% used [0x00000000f3200000, 0x00000000f3200000, 0x00000000f4460000)
  from space 2304K,  54% used [0x00000000f4460000, 0x00000000f4597700, 0x00000000f46a0000)
  to   space 2304K,   0% used [0x00000000f46a0000, 0x00000000f46a0000, 0x00000000f48e0000)
 tenured generation   total 46720K, used 28031K [0x00000000f76a0000, 0x00000000fa440000, 0x0000000100000000)
   the space 46720K,  59% used [0x00000000f76a0000, 0x00000000f91fffe8, 0x00000000f9200000, 0x00000000fa440000)
 Metaspace       used 33070K, capacity 33700K, committed 34176K, reserved 1079296K
  class space    used 4147K, capacity 4385K, committed 4480K, reserved 1048576K
}
Event: 15.122 GC heap before
{Heap before GC invocations=54 (full 3):
 def new generation   total 21120K, used 19963K [0x00000000f3200000, 0x00000000f48e0000, 0x00000000f76a0000)
  eden space 18816K,  99% used [0x00000000f3200000, 0x00000000f44477d0, 0x00000000f4460000)
  from space 2304K,  54% used [0x00000000f4460000, 0x00000000f4597700, 0x00000000f46a0000)
  to   space 2304K,   0% used [0x00000000f46a0000, 0x00000000f46a0000, 0x00000000f48e0000)
 tenured generation   total 46720K, used 28031K [0x00000000f76a0000, 0x00000000fa440000, 0x0000000100000000)
   the space 46720K,  59% used [0x00000000f76a0000, 0x00000000f91fffe8, 0x00000000f9200000, 0x00000000fa440000)
 Metaspace       used 33686K, capacity 34278K, committed 34688K, reserved 1079296K
  class space    used 4215K, capacity 4449K, committed 4480K, reserved 1048576K
}
Event: 15.131 GC heap after
{Heap after GC invocations=55 (full 3):
 def new generation   total 21120K, used 2303K [0x00000000f3200000, 0x00000000f48e0000, 0x00000000f76a0000)
  eden space 18816K,   0% used [0x00000000f3200000, 0x00000000f3200000, 0x00000000f4460000)
  from space 2304K,  99% used [0x00000000f46a0000, 0x00000000f48dfff8, 0x00000000f48e0000)
  to   space 2304K,   0% used [0x00000000f4460000, 0x00000000f4460000, 0x00000000f46a0000)
 tenured generation   total 46720K, used 34682K [0x00000000f76a0000, 0x00000000fa440000, 0x0000000100000000)
   the space 46720K,  74% used [0x00000000f76a0000, 0x00000000f987eb18, 0x00000000f987ec00, 0x00000000fa440000)
 Metaspace       used 33686K, capacity 34278K, committed 34688K, reserved 1079296K
  class space    used 4215K, capacity 4449K, committed 4480K, reserved 1048576K
}
Event: 15.169 GC heap before
{Heap before GC invocations=55 (full 3):
 def new generation   total 21120K, used 21105K [0x00000000f3200000, 0x00000000f48e0000, 0x00000000f76a0000)
  eden space 18816K,  99% used [0x00000000f3200000, 0x00000000f445c630, 0x00000000f4460000)
  from space 2304K,  99% used [0x00000000f46a0000, 0x00000000f48dfff8, 0x00000000f48e0000)
  to   space 2304K,   0% used [0x00000000f4460000, 0x00000000f4460000, 0x00000000f46a0000)
 tenured generation   total 46720K, used 34682K [0x00000000f76a0000, 0x00000000fa440000, 0x0000000100000000)
   the space 46720K,  74% used [0x00000000f76a0000, 0x00000000f987eb18, 0x00000000f987ec00, 0x00000000fa440000)
 Metaspace       used 33686K, capacity 34278K, committed 34688K, reserved 1079296K
  class space    used 4215K, capacity 4449K, committed 4480K, reserved 1048576K
}
Event: 15.245 GC heap after
{Heap after GC invocations=56 (full 4):
 def new generation   total 40256K, used 954K [0x00000000f3200000, 0x00000000f5da0000, 0x00000000f76a0000)
  eden space 35840K,   2% used [0x00000000f3200000, 0x00000000f32eebd8, 0x00000000f5500000)
  from space 4416K,   0% used [0x00000000f5500000, 0x00000000f5500000, 0x00000000f5950000)
  to   space 4416K,   0% used [0x00000000f5950000, 0x00000000f5950000, 0x00000000f5da0000)
 tenured generation   total 89332K, used 53598K [0x00000000f76a0000, 0x00000000fcddd000, 0x0000000100000000)
   the space 89332K,  59% used [0x00000000f76a0000, 0x00000000faaf7808, 0x00000000faaf7a00, 0x00000000fcddd000)
 Metaspace       used 33686K, capacity 34278K, committed 34688K, reserved 1079296K
  class space    used 4215K, capacity 4449K, committed 4480K, reserved 1048576K
}
Event: 15.737 GC heap before
{Heap before GC invocations=56 (full 4):
 def new generation   total 40256K, used 35840K [0x00000000f3200000, 0x00000000f5da0000, 0x00000000f76a0000)
  eden space 35840K, 100% used [0x00000000f3200000, 0x00000000f5500000, 0x00000000f5500000)
  from space 4416K,   0% used [0x00000000f5500000, 0x00000000f5500000, 0x00000000f5950000)
  to   space 4416K,   0% used [0x00000000f5950000, 0x00000000f5950000, 0x00000000f5da0000)
 tenured generation   total 89332K, used 53598K [0x00000000f76a0000, 0x00000000fcddd000, 0x0000000100000000)
   the space 89332K,  59% used [0x00000000f76a0000, 0x00000000faaf7808, 0x00000000faaf7a00, 0x00000000fcddd000)
 Metaspace       used 35236K, capacity 35850K, committed 36352K, reserved 1081344K
  class space    used 4341K, capacity 4577K, committed 4608K, reserved 1048576K
}
Event: 15.791 GC heap after
{Heap after GC invocations=57 (full 4):
 def new generation   total 40256K, used 4416K [0x00000000f3200000, 0x00000000f5da0000, 0x00000000f76a0000)
  eden space 35840K,   0% used [0x00000000f3200000, 0x00000000f3200000, 0x00000000f5500000)
  from space 4416K, 100% used [0x00000000f5950000, 0x00000000f5da0000, 0x00000000f5da0000)
  to   space 4416K,   0% used [0x00000000f5500000, 0x00000000f5500000, 0x00000000f5950000)
 tenured generation   total 89332K, used 67138K [0x00000000f76a0000, 0x00000000fcddd000, 0x0000000100000000)
   the space 89332K,  75% used [0x00000000f76a0000, 0x00000000fb830a78, 0x00000000fb830c00, 0x00000000fcddd000)
 Metaspace       used 35236K, capacity 35850K, committed 36352K, reserved 1081344K
  class space    used 4341K, capacity 4577K, committed 4608K, reserved 1048576K
}
Event: 16.167 GC heap before
{Heap before GC invocations=57 (full 4):
 def new generation   total 40256K, used 40256K [0x00000000f3200000, 0x00000000f5da0000, 0x00000000f76a0000)
  eden space 35840K, 100% used [0x00000000f3200000, 0x00000000f5500000, 0x00000000f5500000)
  from space 4416K, 100% used [0x00000000f5950000, 0x00000000f5da0000, 0x00000000f5da0000)
  to   space 4416K,   0% used [0x00000000f5500000, 0x00000000f5500000, 0x00000000f5950000)
 tenured generation   total 89332K, used 67138K [0x00000000f76a0000, 0x00000000fcddd000, 0x0000000100000000)
   the space 89332K,  75% used [0x00000000f76a0000, 0x00000000fb830a78, 0x00000000fb830c00, 0x00000000fcddd000)
 Metaspace       used 35586K, capacity 36234K, committed 36864K, reserved 1081344K
  class space    used 4343K, capacity 4577K, committed 4608K, reserved 1048576K
}
Event: 16.189 GC heap after
{Heap after GC invocations=58 (full 4):
 def new generation   total 40256K, used 3157K [0x00000000f3200000, 0x00000000f5da0000, 0x00000000f76a0000)
  eden space 35840K,   0% used [0x00000000f3200000, 0x00000000f3200000, 0x00000000f5500000)
  from space 4416K,  71% used [0x00000000f5500000, 0x00000000f5815748, 0x00000000f5950000)
  to   space 4416K,   0% used [0x00000000f5950000, 0x00000000f5950000, 0x00000000f5da0000)
 tenured generation   total 89332K, used 71551K [0x00000000f76a0000, 0x00000000fcddd000, 0x0000000100000000)
   the space 89332K,  80% used [0x00000000f76a0000, 0x00000000fbc7fed8, 0x00000000fbc80000, 0x00000000fcddd000)
 Metaspace       used 35586K, capacity 36234K, committed 36864K, reserved 1081344K
  class space    used 4343K, capacity 4577K, committed 4608K, reserved 1048576K
}
Event: 16.488 GC heap before
{Heap before GC invocations=58 (full 4):
 def new generation   total 40256K, used 38997K [0x00000000f3200000, 0x00000000f5da0000, 0x00000000f76a0000)
  eden space 35840K, 100% used [0x00000000f3200000, 0x00000000f5500000, 0x00000000f5500000)
  from space 4416K,  71% used [0x00000000f5500000, 0x00000000f5815748, 0x00000000f5950000)
  to   space 4416K,   0% used [0x00000000f5950000, 0x00000000f5950000, 0x00000000f5da0000)
 tenured generation   total 89332K, used 71551K [0x00000000f76a0000, 0x00000000fcddd000, 0x0000000100000000)
   the space 89332K,  80% used [0x00000000f76a0000, 0x00000000fbc7fed8, 0x00000000fbc80000, 0x00000000fcddd000)
 Metaspace       used 35693K, capacity 36298K, committed 36864K, reserved 1081344K
  class space    used 4343K, capacity 4577K, committed 4608K, reserved 1048576K
}
Event: 16.511 GC heap after
{Heap after GC invocations=59 (full 4):
 def new generation   total 40256K, used 3709K [0x00000000f3200000, 0x00000000f5da0000, 0x00000000f76a0000)
  eden space 35840K,   0% used [0x00000000f3200000, 0x00000000f3200000, 0x00000000f5500000)
  from space 4416K,  83% used [0x00000000f5950000, 0x00000000f5cef4f0, 0x00000000f5da0000)
  to   space 4416K,   0% used [0x00000000f5500000, 0x00000000f5500000, 0x00000000f5950000)
 tenured generation   total 89332K, used 74655K [0x00000000f76a0000, 0x00000000fcddd000, 0x0000000100000000)
   the space 89332K,  83% used [0x00000000f76a0000, 0x00000000fbf87da0, 0x00000000fbf87e00, 0x00000000fcddd000)
 Metaspace       used 35693K, capacity 36298K, committed 36864K, reserved 1081344K
  class space    used 4343K, capacity 4577K, committed 4608K, reserved 1048576K
}
Event: 16.715 GC heap before
{Heap before GC invocations=59 (full 4):
 def new generation   total 40256K, used 39549K [0x00000000f3200000, 0x00000000f5da0000, 0x00000000f76a0000)
  eden space 35840K, 100% used [0x00000000f3200000, 0x00000000f5500000, 0x00000000f5500000)
  from space 4416K,  83% used [0x00000000f5950000, 0x00000000f5cef4f0, 0x00000000f5da0000)
  to   space 4416K,   0% used [0x00000000f5500000, 0x00000000f5500000, 0x00000000f5950000)
 tenured generation   total 89332K, used 74655K [0x00000000f76a0000, 0x00000000fcddd000, 0x0000000100000000)
   the space 89332K,  83% used [0x00000000f76a0000, 0x00000000fbf87da0, 0x00000000fbf87e00, 0x00000000fcddd000)
 Metaspace       used 35764K, capacity 36362K, committed 36864K, reserved 1081344K
  class space    used 4343K, capacity 4577K, committed 4608K, reserved 1048576K
}
Event: 16.726 GC heap after
{Heap after GC invocations=60 (full 4):
 def new generation   total 40256K, used 3206K [0x00000000f3200000, 0x00000000f5da0000, 0x00000000f76a0000)
  eden space 35840K,   0% used [0x00000000f3200000, 0x00000000f3200000, 0x00000000f5500000)
  from space 4416K,  72% used [0x00000000f5500000, 0x00000000f58219c0, 0x00000000f5950000)
  to   space 4416K,   0% used [0x00000000f5950000, 0x00000000f5950000, 0x00000000f5da0000)
 tenured generation   total 89332K, used 78245K [0x00000000f76a0000, 0x00000000fcddd000, 0x0000000100000000)
   the space 89332K,  87% used [0x00000000f76a0000, 0x00000000fc309580, 0x00000000fc309600, 0x00000000fcddd000)
 Metaspace       used 35764K, capacity 36362K, committed 36864K, reserved 1081344K
  class space    used 4343K, capacity 4577K, committed 4608K, reserved 1048576K
}
Event: 16.887 GC heap before
{Heap before GC invocations=60 (full 4):
 def new generation   total 40256K, used 39046K [0x00000000f3200000, 0x00000000f5da0000, 0x00000000f76a0000)
  eden space 35840K, 100% used [0x00000000f3200000, 0x00000000f5500000, 0x00000000f5500000)
  from space 4416K,  72% used [0x00000000f5500000, 0x00000000f58219c0, 0x00000000f5950000)
  to   space 4416K,   0% used [0x00000000f5950000, 0x00000000f5950000, 0x00000000f5da0000)
 tenured generation   total 89332K, used 78245K [0x00000000f76a0000, 0x00000000fcddd000, 0x0000000100000000)
   the space 89332K,  87% used [0x00000000f76a0000, 0x00000000fc309580, 0x00000000fc309600, 0x00000000fcddd000)
 Metaspace       used 35855K, capacity 36490K, committed 37120K, reserved 1081344K
  class space    used 4343K, capacity 4577K, committed 4608K, reserved 1048576K
}
Event: 16.896 GC heap after
{Heap after GC invocations=61 (full 4):
 def new generation   total 40256K, used 1569K [0x00000000f3200000, 0x00000000f5da0000, 0x00000000f76a0000)
  eden space 35840K,   0% used [0x00000000f3200000, 0x00000000f3200000, 0x00000000f5500000)
  from space 4416K,  35% used [0x00000000f5950000, 0x00000000f5ad85e0, 0x00000000f5da0000)
  to   space 4416K,   0% used [0x00000000f5500000, 0x00000000f5500000, 0x00000000f5950000)
 tenured generation   total 89332K, used 81444K [0x00000000f76a0000, 0x00000000fcddd000, 0x0000000100000000)
   the space 89332K,  91% used [0x00000000f76a0000, 0x00000000fc6290a8, 0x00000000fc629200, 0x00000000fcddd000)
 Metaspace       used 35855K, capacity 36490K, committed 37120K, reserved 1081344K
  class space    used 4343K, capacity 4577K, committed 4608K, reserved 1048576K
}
Event: 17.040 GC heap before
{Heap before GC invocations=61 (full 4):
 def new generation   total 40256K, used 37409K [0x00000000f3200000, 0x00000000f5da0000, 0x00000000f76a0000)
  eden space 35840K, 100% used [0x00000000f3200000, 0x00000000f5500000, 0x00000000f5500000)
  from space 4416K,  35% used [0x00000000f5950000, 0x00000000f5ad85e0, 0x00000000f5da0000)
  to   space 4416K,   0% used [0x00000000f5500000, 0x00000000f5500000, 0x00000000f5950000)
 tenured generation   total 89332K, used 81444K [0x00000000f76a0000, 0x00000000fcddd000, 0x0000000100000000)
   the space 89332K,  91% used [0x00000000f76a0000, 0x00000000fc6290a8, 0x00000000fc629200, 0x00000000fcddd000)
 Metaspace       used 35859K, capacity 36490K, committed 37120K, reserved 1081344K
  class space    used 4344K, capacity 4577K, committed 4608K, reserved 1048576K
}
Event: 17.048 GC heap after
{Heap after GC invocations=62 (full 4):
 def new generation   total 40256K, used 4375K [0x00000000f3200000, 0x00000000f5da0000, 0x00000000f76a0000)
  eden space 35840K,   0% used [0x00000000f3200000, 0x00000000f3200000, 0x00000000f5500000)
  from space 4416K,  99% used [0x00000000f5500000, 0x00000000f5945c30, 0x00000000f5950000)
  to   space 4416K,   0% used [0x00000000f5950000, 0x00000000f5950000, 0x00000000f5da0000)
 tenured generation   total 89332K, used 81444K [0x00000000f76a0000, 0x00000000fcddd000, 0x0000000100000000)
   the space 89332K,  91% used [0x00000000f76a0000, 0x00000000fc6290a8, 0x00000000fc629200, 0x00000000fcddd000)
 Metaspace       used 35859K, capacity 36490K, committed 37120K, reserved 1081344K
  class space    used 4344K, capacity 4577K, committed 4608K, reserved 1048576K
}
Event: 17.258 GC heap before
{Heap before GC invocations=62 (full 4):
 def new generation   total 40256K, used 40215K [0x00000000f3200000, 0x00000000f5da0000, 0x00000000f76a0000)
  eden space 35840K, 100% used [0x00000000f3200000, 0x00000000f5500000, 0x00000000f5500000)
  from space 4416K,  99% used [0x00000000f5500000, 0x00000000f5945c30, 0x00000000f5950000)
  to   space 4416K,   0% used [0x00000000f5950000, 0x00000000f5950000, 0x00000000f5da0000)
 tenured generation   total 89332K, used 81444K [0x00000000f76a0000, 0x00000000fcddd000, 0x0000000100000000)
   the space 89332K,  91% used [0x00000000f76a0000, 0x00000000fc6290a8, 0x00000000fc629200, 0x00000000fcddd000)
 Metaspace       used 35894K, capacity 36554K, committed 37120K, reserved 1081344K
  class space    used 4345K, capacity 4577K, committed 4608K, reserved 1048576K
}
Event: 17.283 GC heap after
{Heap after GC invocations=63 (full 4):
 def new generation   total 40256K, used 2934K [0x00000000f3200000, 0x00000000f5da0000, 0x00000000f76a0000)
  eden space 35840K,   0% used [0x00000000f3200000, 0x00000000f3200000, 0x00000000f5500000)
  from space 4416K,  66% used [0x00000000f5950000, 0x00000000f5c2daa8, 0x00000000f5da0000)
  to   space 4416K,   0% used [0x00000000f5500000, 0x00000000f5500000, 0x00000000f5950000)
 tenured generation   total 89332K, used 85794K [0x00000000f76a0000, 0x00000000fcddd000, 0x0000000100000000)
   the space 89332K,  96% used [0x00000000f76a0000, 0x00000000fca68870, 0x00000000fca68a00, 0x00000000fcddd000)
 Metaspace       used 35894K, capacity 36554K, committed 37120K, reserved 1081344K
  class space    used 4345K, capacity 4577K, committed 4608K, reserved 1048576K
}
Event: 17.991 GC heap before
{Heap before GC invocations=63 (full 4):
 def new generation   total 40256K, used 38774K [0x00000000f3200000, 0x00000000f5da0000, 0x00000000f76a0000)
  eden space 35840K, 100% used [0x00000000f3200000, 0x00000000f5500000, 0x00000000f5500000)
  from space 4416K,  66% used [0x00000000f5950000, 0x00000000f5c2daa8, 0x00000000f5da0000)
  to   space 4416K,   0% used [0x00000000f5500000, 0x00000000f5500000, 0x00000000f5950000)
 tenured generation   total 89332K, used 85794K [0x00000000f76a0000, 0x00000000fcddd000, 0x0000000100000000)
   the space 89332K,  96% used [0x00000000f76a0000, 0x00000000fca68870, 0x00000000fca68a00, 0x00000000fcddd000)
 Metaspace       used 36855K, capacity 37484K, committed 38016K, reserved 1083392K
  class space    used 4447K, capacity 4673K, committed 4736K, reserved 1048576K
}

Deoptimization events (20 events):
Event: 17.502 Thread 0x00007f0860013800 Uncommon trap: trap_request=0xffffffbe fr.pc=0x00007f08506e7a98 relative=0x0000000000001698
Event: 17.502 Thread 0x00007f0860013800 Uncommon trap: reason=profile_predicate action=maybe_recompile pc=0x00007f08506e7a98 method=java.util.regex.Pattern.compile()V @ 78 c2
Event: 17.502 Thread 0x00007f0860013800 DEOPT PACKING pc=0x00007f08506e7a98 sp=0x00007f0868bc80f0
Event: 17.502 Thread 0x00007f0860013800 DEOPT UNPACKING pc=0x00007f08489683a5 sp=0x00007f0868bc80d0 mode 2
Event: 17.503 Thread 0x00007f0860013800 Uncommon trap: trap_request=0xffffffbe fr.pc=0x00007f08506e7a98 relative=0x0000000000001698
Event: 17.503 Thread 0x00007f0860013800 Uncommon trap: reason=profile_predicate action=maybe_recompile pc=0x00007f08506e7a98 method=java.util.regex.Pattern.compile()V @ 78 c2
Event: 17.503 Thread 0x00007f0860013800 DEOPT PACKING pc=0x00007f08506e7a98 sp=0x00007f0868bc80f0
Event: 17.503 Thread 0x00007f0860013800 DEOPT UNPACKING pc=0x00007f08489683a5 sp=0x00007f0868bc80d0 mode 2
Event: 17.504 Thread 0x00007f0860013800 Uncommon trap: trap_request=0xffffffbe fr.pc=0x00007f08506e7a98 relative=0x0000000000001698
Event: 17.504 Thread 0x00007f0860013800 Uncommon trap: reason=profile_predicate action=maybe_recompile pc=0x00007f08506e7a98 method=java.util.regex.Pattern.compile()V @ 78 c2
Event: 17.504 Thread 0x00007f0860013800 DEOPT PACKING pc=0x00007f08506e7a98 sp=0x00007f0868bc80f0
Event: 17.504 Thread 0x00007f0860013800 DEOPT UNPACKING pc=0x00007f08489683a5 sp=0x00007f0868bc80d0 mode 2
Event: 17.504 Thread 0x00007f0860013800 Uncommon trap: trap_request=0xffffffbe fr.pc=0x00007f08506e7a98 relative=0x0000000000001698
Event: 17.504 Thread 0x00007f0860013800 Uncommon trap: reason=profile_predicate action=maybe_recompile pc=0x00007f08506e7a98 method=java.util.regex.Pattern.compile()V @ 78 c2
Event: 17.504 Thread 0x00007f0860013800 DEOPT PACKING pc=0x00007f08506e7a98 sp=0x00007f0868bc80f0
Event: 17.504 Thread 0x00007f0860013800 DEOPT UNPACKING pc=0x00007f08489683a5 sp=0x00007f0868bc80d0 mode 2
Event: 17.504 Thread 0x00007f0860013800 Uncommon trap: trap_request=0xffffff4d fr.pc=0x00007f0850432c90 relative=0x0000000000000070
Event: 17.504 Thread 0x00007f0860013800 Uncommon trap: reason=unstable_if action=reinterpret pc=0x00007f0850432c90 method=java.lang.String.checkBoundsBeginEnd(III)V @ 11 c2
Event: 17.504 Thread 0x00007f0860013800 DEOPT PACKING pc=0x00007f0850432c90 sp=0x00007f0868bc81d0
Event: 17.504 Thread 0x00007f0860013800 DEOPT UNPACKING pc=0x00007f08489683a5 sp=0x00007f0868bc8188 mode 2

Classes redefined (0 events):
No events

Internal exceptions (20 events):
Event: 11.851 Thread 0x00007f0860013800 Exception <a 'java/security/PrivilegedActionException'{0x00000000f3ba2c58}> (0x00000000f3ba2c58) thrown at [/builddir/build/BUILD/java-11-openjdk-11.0.5.10-2.el8_1.x86_64/openjdk/src/hotspot/share/prims/jvm.cpp, line 1297]
Event: 11.896 Thread 0x00007f0860013800 Exception <a 'java/security/PrivilegedActionException'{0x00000000f3c00888}> (0x00000000f3c00888) thrown at [/builddir/build/BUILD/java-11-openjdk-11.0.5.10-2.el8_1.x86_64/openjdk/src/hotspot/share/prims/jvm.cpp, line 1297]
Event: 11.896 Thread 0x00007f0860013800 Exception <a 'java/security/PrivilegedActionException'{0x00000000f3c00e00}> (0x00000000f3c00e00) thrown at [/builddir/build/BUILD/java-11-openjdk-11.0.5.10-2.el8_1.x86_64/openjdk/src/hotspot/share/prims/jvm.cpp, line 1297]
Event: 11.896 Thread 0x00007f0860013800 Exception <a 'java/security/PrivilegedActionException'{0x00000000f3c02088}> (0x00000000f3c02088) thrown at [/builddir/build/BUILD/java-11-openjdk-11.0.5.10-2.el8_1.x86_64/openjdk/src/hotspot/share/prims/jvm.cpp, line 1297]
Event: 11.896 Thread 0x00007f0860013800 Exception <a 'java/security/PrivilegedActionException'{0x00000000f3c02600}> (0x00000000f3c02600) thrown at [/builddir/build/BUILD/java-11-openjdk-11.0.5.10-2.el8_1.x86_64/openjdk/src/hotspot/share/prims/jvm.cpp, line 1297]
Event: 11.896 Thread 0x00007f0860013800 Exception <a 'java/security/PrivilegedActionException'{0x00000000f3c036a8}> (0x00000000f3c036a8) thrown at [/builddir/build/BUILD/java-11-openjdk-11.0.5.10-2.el8_1.x86_64/openjdk/src/hotspot/share/prims/jvm.cpp, line 1297]
Event: 11.896 Thread 0x00007f0860013800 Exception <a 'java/security/PrivilegedActionException'{0x00000000f3c03c20}> (0x00000000f3c03c20) thrown at [/builddir/build/BUILD/java-11-openjdk-11.0.5.10-2.el8_1.x86_64/openjdk/src/hotspot/share/prims/jvm.cpp, line 1297]
Event: 11.896 Thread 0x00007f0860013800 Exception <a 'java/security/PrivilegedActionException'{0x00000000f3c04c40}> (0x00000000f3c04c40) thrown at [/builddir/build/BUILD/java-11-openjdk-11.0.5.10-2.el8_1.x86_64/openjdk/src/hotspot/share/prims/jvm.cpp, line 1297]
Event: 11.896 Thread 0x00007f0860013800 Exception <a 'java/security/PrivilegedActionException'{0x00000000f3c051b8}> (0x00000000f3c051b8) thrown at [/builddir/build/BUILD/java-11-openjdk-11.0.5.10-2.el8_1.x86_64/openjdk/src/hotspot/share/prims/jvm.cpp, line 1297]
Event: 11.897 Thread 0x00007f0860013800 Exception <a 'java/security/PrivilegedActionException'{0x00000000f3c06210}> (0x00000000f3c06210) thrown at [/builddir/build/BUILD/java-11-openjdk-11.0.5.10-2.el8_1.x86_64/openjdk/src/hotspot/share/prims/jvm.cpp, line 1297]
Event: 11.897 Thread 0x00007f0860013800 Exception <a 'java/security/PrivilegedActionException'{0x00000000f3c06788}> (0x00000000f3c06788) thrown at [/builddir/build/BUILD/java-11-openjdk-11.0.5.10-2.el8_1.x86_64/openjdk/src/hotspot/share/prims/jvm.cpp, line 1297]
Event: 11.897 Thread 0x00007f0860013800 Exception <a 'java/security/PrivilegedActionException'{0x00000000f3c07830}> (0x00000000f3c07830) thrown at [/builddir/build/BUILD/java-11-openjdk-11.0.5.10-2.el8_1.x86_64/openjdk/src/hotspot/share/prims/jvm.cpp, line 1297]
Event: 11.897 Thread 0x00007f0860013800 Exception <a 'java/security/PrivilegedActionException'{0x00000000f3c07da8}> (0x00000000f3c07da8) thrown at [/builddir/build/BUILD/java-11-openjdk-11.0.5.10-2.el8_1.x86_64/openjdk/src/hotspot/share/prims/jvm.cpp, line 1297]
Event: 12.909 Thread 0x00007f0860013800 Exception <a 'java/lang/NoSuchMethodError'{0x00000000f36f01e8}: 'java.lang.Object java.lang.invoke.DirectMethodHandle$Holder.invokeStatic(java.lang.Object, java.lang.Object, java.lang.Object, java.lang.Object, java.lang.Object, java.lang.Object, java.lang
Event: 12.910 Thread 0x00007f0860013800 Exception <a 'java/lang/NoSuchMethodError'{0x00000000f36fe228}: 'java.lang.Object java.lang.invoke.DirectMethodHandle$Holder.invokeStatic(java.lang.Object, java.lang.Object, java.lang.Object, java.lang.Object, java.lang.Object, java.lang.Object, java.lang
Event: 12.912 Thread 0x00007f0860013800 Exception <a 'java/lang/NoSuchMethodError'{0x00000000f370c568}: 'java.lang.Object java.lang.invoke.DirectMethodHandle$Holder.invokeSpecial(java.lang.Object, java.lang.Object, int, int, java.lang.Object, java.lang.Object, java.lang.Object)'> (0x00000000f37
Event: 12.912 Thread 0x00007f0860013800 Exception <a 'java/lang/NoSuchMethodError'{0x00000000f370fda0}: 'java.lang.Object java.lang.invoke.DelegatingMethodHandle$Holder.reinvoke_L(java.lang.Object, int, int, java.lang.Object, java.lang.Object, java.lang.Object)'> (0x00000000f370fda0) thrown at 
Event: 12.921 Thread 0x00007f0860013800 Exception <a 'java/lang/NoSuchMethodError'{0x00000000f37143d0}: 'java.lang.Object java.lang.invoke.DirectMethodHandle$Holder.invokeStatic(java.lang.Object, java.lang.Object, java.lang.Object, java.lang.Object, int)'> (0x00000000f37143d0) thrown at [/build
Event: 13.081 Thread 0x00007f0860013800 Exception <a 'java/lang/ClassNotFoundException'{0x00000000f387b200}: com/sun/org/apache/xerces/internal/impl/xpath/regex/spi/messageProvider> (0x00000000f387b200) thrown at [/builddir/build/BUILD/java-11-openjdk-11.0.5.10-2.el8_1.x86_64/openjdk/src/hotspo
Event: 13.997 Thread 0x00007f0860013800 Exception <a 'java/lang/ClassNotFoundException'{0x00000000f3b2cc88}: java/lang/ClassLoader$ByteBuddyAccessor$CqX6shX2> (0x00000000f3b2cc88) thrown at [/builddir/build/BUILD/java-11-openjdk-11.0.5.10-2.el8_1.x86_64/openjdk/src/hotspot/share/classfile/syste

Events (20 events):
Event: 17.984 loading class com/github/sommeri/less4j/core/compiler/scopes/local/VariablesDeclarationsStorage$VariablesPlaceholder done
Event: 17.984 loading class com/github/sommeri/less4j/core/compiler/scopes/local/VariablesDeclarationsStorage$VariablesPlaceholder
Event: 17.984 loading class com/github/sommeri/less4j/core/compiler/scopes/local/VariablesDeclarationsStorage$VariablesPlaceholder done
Event: 17.985 loading class com/github/sommeri/less4j/core/compiler/scopes/local/KeyValueStorage$ValuePlaceholder
Event: 17.985 loading class com/github/sommeri/less4j/core/compiler/scopes/local/KeyValueStorage$ValuePlaceholder done
Event: 17.985 loading class com/github/sommeri/less4j/core/compiler/scopes/local/KeyValueStorage$ValuePlaceholder
Event: 17.985 loading class com/github/sommeri/less4j/core/compiler/scopes/local/KeyValueStorage$ValuePlaceholder done
Event: 17.985 loading class com/github/sommeri/less4j/core/compiler/scopes/local/KeyListStorage$ListPlaceholder
Event: 17.985 loading class com/github/sommeri/less4j/core/compiler/scopes/local/KeyListStorage$ListPlaceholder done
Event: 17.985 loading class com/github/sommeri/less4j/core/compiler/scopes/local/KeyListStorage$ListPlaceholder
Event: 17.985 loading class com/github/sommeri/less4j/core/compiler/scopes/local/KeyListStorage$ListPlaceholder done
Event: 17.985 loading class com/github/sommeri/less4j/core/compiler/scopes/local/MixinsDefinitionsStorage$MixinsPlaceholder
Event: 17.985 loading class com/github/sommeri/less4j/core/compiler/scopes/local/MixinsDefinitionsStorage$MixinsPlaceholder done
Event: 17.985 loading class com/github/sommeri/less4j/core/compiler/scopes/local/MixinsDefinitionsStorage$MixinsPlaceholder
Event: 17.985 loading class com/github/sommeri/less4j/core/compiler/scopes/local/MixinsDefinitionsStorage$MixinsPlaceholder done
Event: 17.986 loading class com/github/sommeri/less4j/core/compiler/scopes/ILocalScope$DataPlaceholder
Event: 17.986 loading class com/github/sommeri/less4j/core/compiler/scopes/ILocalScope$DataPlaceholder done
Event: 17.986 loading class com/github/sommeri/less4j/core/compiler/scopes/ILocalScope$DataPlaceholder
Event: 17.986 loading class com/github/sommeri/less4j/core/compiler/scopes/ILocalScope$DataPlaceholder done
Event: 17.991 Executing VM operation: GenCollectForAllocation


Dynamic libraries:
f3200000-f5da0000 rw-p 00000000 00:00 0 
f5da0000-f76a0000 ---p 00000000 00:00 0 
f76a0000-fcf5d000 rw-p 00000000 00:00 0 
800000000-800002000 rwxp 00001000 ca:02 25246865                         /usr/lib/jvm/java-11-openjdk-11.0.5.10-2.el8_1.x86_64/lib/server/classes.jsa
800002000-8003b5000 rw-p 00003000 ca:02 25246865                         /usr/lib/jvm/java-11-openjdk-11.0.5.10-2.el8_1.x86_64/lib/server/classes.jsa
8003b5000-800a86000 r--p 003b6000 ca:02 25246865                         /usr/lib/jvm/java-11-openjdk-11.0.5.10-2.el8_1.x86_64/lib/server/classes.jsa
800a86000-800a87000 rw-p 00a87000 ca:02 25246865                         /usr/lib/jvm/java-11-openjdk-11.0.5.10-2.el8_1.x86_64/lib/server/classes.jsa
800a87000-80108f000 r--p 00a88000 ca:02 25246865                         /usr/lib/jvm/java-11-openjdk-11.0.5.10-2.el8_1.x86_64/lib/server/classes.jsa
840000000-8404a0000 rw-p 00000000 00:00 0 
8404a0000-880000000 ---p 00000000 00:00 0 
5632ee56e000-5632ee56f000 r-xp 00000000 ca:02 5548494                    /usr/lib/jvm/java-11-openjdk-11.0.5.10-2.el8_1.x86_64/bin/java
5632ee76f000-5632ee770000 r--p 00001000 ca:02 5548494                    /usr/lib/jvm/java-11-openjdk-11.0.5.10-2.el8_1.x86_64/bin/java
5632ee770000-5632ee771000 rw-p 00002000 ca:02 5548494                    /usr/lib/jvm/java-11-openjdk-11.0.5.10-2.el8_1.x86_64/bin/java
5632ef00e000-5632ef02f000 rw-p 00000000 00:00 0                          [heap]
7f0828000000-7f0828021000 rw-p 00000000 00:00 0 
7f0828021000-7f082c000000 ---p 00000000 00:00 0 
7f082c000000-7f082c934000 rw-p 00000000 00:00 0 
7f082c934000-7f0830000000 ---p 00000000 00:00 0 
7f083034c000-7f083109e000 rw-p 00000000 00:00 0 
7f0831178000-7f08311f8000 rw-p 00000000 00:00 0 
7f08311f8000-7f0831378000 ---p 00000000 00:00 0 
7f0831378000-7f0831578000 rw-p 00000000 00:00 0 
7f0831578000-7f0831778000 rw-p 00000000 00:00 0 
7f0831778000-7f0831978000 rw-p 00000000 00:00 0 
7f0831978000-7f0831b78000 rw-p 00000000 00:00 0 
7f0831b78000-7f0831d78000 rw-p 00000000 00:00 0 
7f0831d78000-7f0831f78000 rw-p 00000000 00:00 0 
7f0831f78000-7f0831f7a000 r-xp 00000000 ca:02 12997679                   /usr/lib/jvm/java-11-openjdk-11.0.5.10-2.el8_1.x86_64/lib/libextnet.so
7f0831f7a000-7f0832179000 ---p 00002000 ca:02 12997679                   /usr/lib/jvm/java-11-openjdk-11.0.5.10-2.el8_1.x86_64/lib/libextnet.so
7f0832179000-7f083217a000 r--p 00001000 ca:02 12997679                   /usr/lib/jvm/java-11-openjdk-11.0.5.10-2.el8_1.x86_64/lib/libextnet.so
7f083217a000-7f083217b000 rw-p 00000000 00:00 0 
7f083217b000-7f083218f000 r-xp 00000000 ca:02 8410312                    /usr/lib64/libresolv-2.28.so
7f083218f000-7f083238e000 ---p 00014000 ca:02 8410312                    /usr/lib64/libresolv-2.28.so
7f083238e000-7f083238f000 r--p 00013000 ca:02 8410312                    /usr/lib64/libresolv-2.28.so
7f083238f000-7f0832390000 rw-p 00014000 ca:02 8410312                    /usr/lib64/libresolv-2.28.so
7f0832390000-7f0832392000 rw-p 00000000 00:00 0 
7f0832392000-7f0832397000 r-xp 00000000 ca:02 8410306                    /usr/lib64/libnss_dns-2.28.so
7f0832397000-7f0832597000 ---p 00005000 ca:02 8410306                    /usr/lib64/libnss_dns-2.28.so
7f0832597000-7f0832598000 r--p 00005000 ca:02 8410306                    /usr/lib64/libnss_dns-2.28.so
7f0832598000-7f0832599000 rw-p 00006000 ca:02 8410306                    /usr/lib64/libnss_dns-2.28.so
7f0832599000-7f08325a4000 r-xp 00000000 ca:02 8410308                    /usr/lib64/libnss_files-2.28.so
7f08325a4000-7f08327a3000 ---p 0000b000 ca:02 8410308                    /usr/lib64/libnss_files-2.28.so
7f08327a3000-7f08327a4000 r--p 0000a000 ca:02 8410308                    /usr/lib64/libnss_files-2.28.so
7f08327a4000-7f08327a5000 rw-p 0000b000 ca:02 8410308                    /usr/lib64/libnss_files-2.28.so
7f08327a5000-7f08329ab000 rw-p 00000000 00:00 0 
7f08329ab000-7f08329c6000 r-xp 00000000 ca:02 12997767                   /usr/lib/jvm/java-11-openjdk-11.0.5.10-2.el8_1.x86_64/lib/libsunec.so
7f08329c6000-7f0832bc6000 ---p 0001b000 ca:02 12997767                   /usr/lib/jvm/java-11-openjdk-11.0.5.10-2.el8_1.x86_64/lib/libsunec.so
7f0832bc6000-7f0832bc7000 r--p 0001b000 ca:02 12997767                   /usr/lib/jvm/java-11-openjdk-11.0.5.10-2.el8_1.x86_64/lib/libsunec.so
7f0832bc7000-7f0832bc9000 rw-p 0001c000 ca:02 12997767                   /usr/lib/jvm/java-11-openjdk-11.0.5.10-2.el8_1.x86_64/lib/libsunec.so
7f0832bc9000-7f0832dc9000 rw-p 00000000 00:00 0 
7f0832dc9000-7f0832fc9000 rw-p 00000000 00:00 0 
7f0832fc9000-7f08331c9000 rw-p 00000000 00:00 0 
7f08331c9000-7f08333c9000 rw-p 00000000 00:00 0 
7f08333c9000-7f08333cb000 r-xp 00000000 ca:02 8410318                    /usr/lib64/libutil-2.28.so
7f08333cb000-7f08335cb000 ---p 00002000 ca:02 8410318                    /usr/lib64/libutil-2.28.so
7f08335cb000-7f08335cc000 r--p 00002000 ca:02 8410318                    /usr/lib64/libutil-2.28.so
7f08335cc000-7f08335cd000 rw-p 00003000 ca:02 8410318                    /usr/lib64/libutil-2.28.so
7f08335cd000-7f08335d0000 r-xp 00000000 ca:02 76190                      /opt/apache-maven-3.6.3/lib/jansi-native/linux64/libjansi.so
7f08335d0000-7f08337cf000 ---p 00003000 ca:02 76190                      /opt/apache-maven-3.6.3/lib/jansi-native/linux64/libjansi.so
7f08337cf000-7f08337d0000 rw-p 00002000 ca:02 76190                      /opt/apache-maven-3.6.3/lib/jansi-native/linux64/libjansi.so
7f08337d0000-7f08337e7000 r-xp 00000000 ca:02 12997761                   /usr/lib/jvm/java-11-openjdk-11.0.5.10-2.el8_1.x86_64/lib/libnet.so
7f08337e7000-7f08339e7000 ---p 00017000 ca:02 12997761                   /usr/lib/jvm/java-11-openjdk-11.0.5.10-2.el8_1.x86_64/lib/libnet.so
7f08339e7000-7f08339e8000 r--p 00017000 ca:02 12997761                   /usr/lib/jvm/java-11-openjdk-11.0.5.10-2.el8_1.x86_64/lib/libnet.so
7f08339e8000-7f08339e9000 rw-p 00018000 ca:02 12997761                   /usr/lib/jvm/java-11-openjdk-11.0.5.10-2.el8_1.x86_64/lib/libnet.so
7f08339e9000-7f08339fa000 r-xp 00000000 ca:02 12997762                   /usr/lib/jvm/java-11-openjdk-11.0.5.10-2.el8_1.x86_64/lib/libnio.so
7f08339fa000-7f0833bf9000 ---p 00011000 ca:02 12997762                   /usr/lib/jvm/java-11-openjdk-11.0.5.10-2.el8_1.x86_64/lib/libnio.so
7f0833bf9000-7f0833bfa000 r--p 00010000 ca:02 12997762                   /usr/lib/jvm/java-11-openjdk-11.0.5.10-2.el8_1.x86_64/lib/libnio.so
7f0833bfa000-7f0833bfb000 rw-p 00011000 ca:02 12997762                   /usr/lib/jvm/java-11-openjdk-11.0.5.10-2.el8_1.x86_64/lib/libnio.so
7f0833bfb000-7f0833bff000 ---p 00000000 00:00 0 
7f0833bff000-7f0833cfc000 rw-p 00000000 00:00 0 
7f0833cfc000-7f0833cfd000 ---p 00000000 00:00 0 
7f0833cfd000-7f0833dfe000 rw-p 00000000 00:00 0 
7f0833dfe000-7f0833e02000 ---p 00000000 00:00 0 
7f0833e02000-7f0833eff000 rw-p 00000000 00:00 0 
7f0833eff000-7f0833f03000 ---p 00000000 00:00 0 
7f0833f03000-7f0834000000 rw-p 00000000 00:00 0 
7f0834000000-7f0834021000 rw-p 00000000 00:00 0 
7f0834021000-7f0838000000 ---p 00000000 00:00 0 
7f0838000000-7f0839c0f000 rw-p 00000000 00:00 0 
7f0839c0f000-7f083c000000 ---p 00000000 00:00 0 
7f083c000000-7f083c021000 rw-p 00000000 00:00 0 
7f083c021000-7f0840000000 ---p 00000000 00:00 0 
7f0840000000-7f0840021000 rw-p 00000000 00:00 0 
7f0840021000-7f0844000000 ---p 00000000 00:00 0 
7f0844000000-7f0844051000 rw-p 00000000 00:00 0 
7f0844051000-7f0848000000 ---p 00000000 00:00 0 
7f084800f000-7f0848040000 rw-p 00000000 00:00 0 
7f0848040000-7f0848044000 ---p 00000000 00:00 0 
7f0848044000-7f0848141000 rw-p 00000000 00:00 0 
7f0848141000-7f0848145000 ---p 00000000 00:00 0 
7f0848145000-7f0848242000 rw-p 00000000 00:00 0 
7f0848242000-7f0848246000 ---p 00000000 00:00 0 
7f0848246000-7f0848343000 rw-p 00000000 00:00 0 
7f0848343000-7f08485bb000 r--p 00000000 ca:02 9920                       /usr/lib/locale/en_US.utf8/LC_COLLATE
7f08485bb000-7f08485bf000 ---p 00000000 00:00 0 
7f08485bf000-7f08486bc000 rw-p 00000000 00:00 0 
7f08486bc000-7f08486c0000 ---p 00000000 00:00 0 
7f08486c0000-7f08487bd000 rw-p 00000000 00:00 0 
7f08487bd000-7f08487be000 ---p 00000000 00:00 0 
7f08487be000-7f0848940000 rw-p 00000000 00:00 0 
7f0848940000-7f0848bb0000 rwxp 00000000 00:00 0 
7f0848bb0000-7f0848ecf000 ---p 00000000 00:00 0 
7f0848ecf000-7f0849ddf000 rwxp 00000000 00:00 0 
7f0849ddf000-7f0850407000 ---p 00000000 00:00 0 
7f0850407000-7f0850757000 rwxp 00000000 00:00 0 
7f0850757000-7f0857940000 ---p 00000000 00:00 0 
7f0857940000-7f0860000000 r--s 00000000 ca:02 12997771                   /usr/lib/jvm/java-11-openjdk-11.0.5.10-2.el8_1.x86_64/lib/modules
7f0860000000-7f086209f000 rw-p 00000000 00:00 0 
7f086209f000-7f0864000000 ---p 00000000 00:00 0 
7f0864024000-7f0864077000 r--p 00000000 ca:02 623690                     /usr/lib/locale/en_US.utf8/LC_CTYPE
7f0864077000-7f08648fa000 rw-p 00000000 00:00 0 
7f08648fa000-7f0864922000 rw-p 00000000 00:00 0 
7f0864922000-7f0864a06000 ---p 00000000 00:00 0 
7f0864a06000-7f0864a25000 rw-p 00000000 00:00 0 
7f0864a25000-7f0864af1000 ---p 00000000 00:00 0 
7f0864af1000-7f0864af6000 r-xp 00000000 ca:02 12997689                   /usr/lib/jvm/java-11-openjdk-11.0.5.10-2.el8_1.x86_64/lib/libjimage.so
7f0864af6000-7f0864cf6000 ---p 00005000 ca:02 12997689                   /usr/lib/jvm/java-11-openjdk-11.0.5.10-2.el8_1.x86_64/lib/libjimage.so
7f0864cf6000-7f0864cf7000 r--p 00005000 ca:02 12997689                   /usr/lib/jvm/java-11-openjdk-11.0.5.10-2.el8_1.x86_64/lib/libjimage.so
7f0864cf7000-7f0864cf8000 rw-p 00006000 ca:02 12997689                   /usr/lib/jvm/java-11-openjdk-11.0.5.10-2.el8_1.x86_64/lib/libjimage.so
7f0864cf8000-7f0864cff000 r-xp 00000000 ca:02 12997770                   /usr/lib/jvm/java-11-openjdk-11.0.5.10-2.el8_1.x86_64/lib/libzip.so
7f0864cff000-7f0864eff000 ---p 00007000 ca:02 12997770                   /usr/lib/jvm/java-11-openjdk-11.0.5.10-2.el8_1.x86_64/lib/libzip.so
7f0864eff000-7f0864f00000 r--p 00007000 ca:02 12997770                   /usr/lib/jvm/java-11-openjdk-11.0.5.10-2.el8_1.x86_64/lib/libzip.so
7f0864f00000-7f0864f01000 rw-p 00000000 00:00 0 
7f0864f01000-7f0865706000 r--s 00000000 ca:02 381223                     /var/lib/sss/mc/passwd
7f0865706000-7f086570e000 r-xp 00000000 ca:02 8934462                    /usr/lib64/libnss_sss.so.2
7f086570e000-7f086590d000 ---p 00008000 ca:02 8934462                    /usr/lib64/libnss_sss.so.2
7f086590d000-7f086590e000 r--p 00007000 ca:02 8934462                    /usr/lib64/libnss_sss.so.2
7f086590e000-7f086590f000 rw-p 00008000 ca:02 8934462                    /usr/lib64/libnss_sss.so.2
7f086590f000-7f086593a000 r-xp 00000000 ca:02 12997686                   /usr/lib/jvm/java-11-openjdk-11.0.5.10-2.el8_1.x86_64/lib/libjava.so
7f086593a000-7f0865b39000 ---p 0002b000 ca:02 12997686                   /usr/lib/jvm/java-11-openjdk-11.0.5.10-2.el8_1.x86_64/lib/libjava.so
7f0865b39000-7f0865b3a000 r--p 0002a000 ca:02 12997686                   /usr/lib/jvm/java-11-openjdk-11.0.5.10-2.el8_1.x86_64/lib/libjava.so
7f0865b3a000-7f0865b3b000 rw-p 0002b000 ca:02 12997686                   /usr/lib/jvm/java-11-openjdk-11.0.5.10-2.el8_1.x86_64/lib/libjava.so
7f0865b3b000-7f0865b3c000 rw-p 00000000 00:00 0 
7f0865b3c000-7f0865b4a000 r-xp 00000000 ca:02 12997769                   /usr/lib/jvm/java-11-openjdk-11.0.5.10-2.el8_1.x86_64/lib/libverify.so
7f0865b4a000-7f0865d49000 ---p 0000e000 ca:02 12997769                   /usr/lib/jvm/java-11-openjdk-11.0.5.10-2.el8_1.x86_64/lib/libverify.so
7f0865d49000-7f0865d4b000 r--p 0000d000 ca:02 12997769                   /usr/lib/jvm/java-11-openjdk-11.0.5.10-2.el8_1.x86_64/lib/libverify.so
7f0865d4b000-7f0865d4c000 rw-p 00000000 00:00 0 
7f0865d4c000-7f0865d53000 r-xp 00000000 ca:02 8410314                    /usr/lib64/librt-2.28.so
7f0865d53000-7f0865f53000 ---p 00007000 ca:02 8410314                    /usr/lib64/librt-2.28.so
7f0865f53000-7f0865f54000 r--p 00007000 ca:02 8410314                    /usr/lib64/librt-2.28.so
7f0865f54000-7f0865f55000 rw-p 00008000 ca:02 8410314                    /usr/lib64/librt-2.28.so
7f0865f55000-7f0865f6c000 r-xp 00000000 ca:02 8956828                    /usr/lib64/libgcc_s-8-20190507.so.1
7f0865f6c000-7f086616b000 ---p 00017000 ca:02 8956828                    /usr/lib64/libgcc_s-8-20190507.so.1
7f086616b000-7f086616c000 r--p 00016000 ca:02 8956828                    /usr/lib64/libgcc_s-8-20190507.so.1
7f086616c000-7f086616d000 rw-p 00017000 ca:02 8956828                    /usr/lib64/libgcc_s-8-20190507.so.1
7f086616d000-7f08662ee000 r-xp 00000000 ca:02 8410300                    /usr/lib64/libm-2.28.so
7f08662ee000-7f08664ed000 ---p 00181000 ca:02 8410300                    /usr/lib64/libm-2.28.so
7f08664ed000-7f08664ee000 r--p 00180000 ca:02 8410300                    /usr/lib64/libm-2.28.so
7f08664ee000-7f08664ef000 rw-p 00181000 ca:02 8410300                    /usr/lib64/libm-2.28.so
7f08664ef000-7f0866675000 r-xp 00000000 ca:02 8410606                    /usr/lib64/libstdc++.so.6.0.25
7f0866675000-7f0866874000 ---p 00186000 ca:02 8410606                    /usr/lib64/libstdc++.so.6.0.25
7f0866874000-7f0866880000 r--p 00185000 ca:02 8410606                    /usr/lib64/libstdc++.so.6.0.25
7f0866880000-7f0866881000 rw-p 00191000 ca:02 8410606                    /usr/lib64/libstdc++.so.6.0.25
7f0866881000-7f0866884000 rw-p 00000000 00:00 0 
7f0866884000-7f0867a4f000 r-xp 00000000 ca:02 25246863                   /usr/lib/jvm/java-11-openjdk-11.0.5.10-2.el8_1.x86_64/lib/server/libjvm.so
7f0867a4f000-7f0867c4e000 ---p 011cb000 ca:02 25246863                   /usr/lib/jvm/java-11-openjdk-11.0.5.10-2.el8_1.x86_64/lib/server/libjvm.so
7f0867c4e000-7f0867d10000 r--p 011ca000 ca:02 25246863                   /usr/lib/jvm/java-11-openjdk-11.0.5.10-2.el8_1.x86_64/lib/server/libjvm.so
7f0867d10000-7f0867d4a000 rw-p 0128c000 ca:02 25246863                   /usr/lib/jvm/java-11-openjdk-11.0.5.10-2.el8_1.x86_64/lib/server/libjvm.so
7f0867d4a000-7f0867da1000 rw-p 00000000 00:00 0 
7f0867da1000-7f0867f5a000 r-xp 00000000 ca:02 8410296                    /usr/lib64/libc-2.28.so
7f0867f5a000-7f086815a000 ---p 001b9000 ca:02 8410296                    /usr/lib64/libc-2.28.so
7f086815a000-7f086815e000 r--p 001b9000 ca:02 8410296                    /usr/lib64/libc-2.28.so
7f086815e000-7f0868160000 rw-p 001bd000 ca:02 8410296                    /usr/lib64/libc-2.28.so
7f0868160000-7f0868164000 rw-p 00000000 00:00 0 
7f0868164000-7f0868167000 r-xp 00000000 ca:02 8410298                    /usr/lib64/libdl-2.28.so
7f0868167000-7f0868366000 ---p 00003000 ca:02 8410298                    /usr/lib64/libdl-2.28.so
7f0868366000-7f0868367000 r--p 00002000 ca:02 8410298                    /usr/lib64/libdl-2.28.so
7f0868367000-7f0868368000 rw-p 00003000 ca:02 8410298                    /usr/lib64/libdl-2.28.so
7f0868368000-7f0868377000 r-xp 00000000 ca:02 20992477                   /usr/lib/jvm/java-11-openjdk-11.0.5.10-2.el8_1.x86_64/lib/jli/libjli.so
7f0868377000-7f0868577000 ---p 0000f000 ca:02 20992477                   /usr/lib/jvm/java-11-openjdk-11.0.5.10-2.el8_1.x86_64/lib/jli/libjli.so
7f0868577000-7f0868578000 r--p 0000f000 ca:02 20992477                   /usr/lib/jvm/java-11-openjdk-11.0.5.10-2.el8_1.x86_64/lib/jli/libjli.so
7f0868578000-7f0868579000 rw-p 00010000 ca:02 20992477                   /usr/lib/jvm/java-11-openjdk-11.0.5.10-2.el8_1.x86_64/lib/jli/libjli.so
7f0868579000-7f0868594000 r-xp 00000000 ca:02 8410310                    /usr/lib64/libpthread-2.28.so
7f0868594000-7f0868793000 ---p 0001b000 ca:02 8410310                    /usr/lib64/libpthread-2.28.so
7f0868793000-7f0868794000 r--p 0001a000 ca:02 8410310                    /usr/lib64/libpthread-2.28.so
7f0868794000-7f0868795000 rw-p 0001b000 ca:02 8410310                    /usr/lib64/libpthread-2.28.so
7f0868795000-7f0868799000 rw-p 00000000 00:00 0 
7f0868799000-7f08687af000 r-xp 00000000 ca:02 8410538                    /usr/lib64/libz.so.1.2.11
7f08687af000-7f08689ae000 ---p 00016000 ca:02 8410538                    /usr/lib64/libz.so.1.2.11
7f08689ae000-7f08689af000 r--p 00015000 ca:02 8410538                    /usr/lib64/libz.so.1.2.11
7f08689af000-7f08689b0000 rw-p 00000000 00:00 0 
7f08689b0000-7f08689d8000 r-xp 00000000 ca:02 8410288                    /usr/lib64/ld-2.28.so
7f08689de000-7f08689df000 r--p 00000000 ca:02 623693                     /usr/lib/locale/en_US.utf8/LC_NUMERIC
7f08689df000-7f08689e0000 r--p 00000000 ca:02 4998602                    /usr/lib/locale/en_US.utf8/LC_TIME
7f08689e0000-7f08689e1000 r--p 00000000 ca:02 4998600                    /usr/lib/locale/en_US.utf8/LC_MONETARY
7f08689e1000-7f08689e2000 r--p 00000000 ca:02 4195438                    /usr/lib/locale/en_US.utf8/LC_MESSAGES/SYS_LC_MESSAGES
7f08689e2000-7f08689e3000 r--p 00000000 ca:02 12585382                   /usr/lib/locale/en_US.utf8/LC_PAPER
7f08689e3000-7f08689ea000 r--s 00000000 ca:02 4196316                    /usr/lib64/gconv/gconv-modules.cache
7f08689ea000-7f0868a38000 rw-p 00000000 00:00 0 
7f0868a38000-7f0868a50000 ---p 00000000 00:00 0 
7f0868a50000-7f0868a66000 rw-p 00000000 00:00 0 
7f0868a66000-7f0868a72000 ---p 00000000 00:00 0 
7f0868a72000-7f0868a9f000 rw-p 00000000 00:00 0 
7f0868a9f000-7f0868ab7000 ---p 00000000 00:00 0 
7f0868ab7000-7f0868abd000 rw-p 00000000 00:00 0 
7f0868abd000-7f0868ac4000 ---p 00000000 00:00 0 
7f0868ac4000-7f0868acc000 rw-s 00000000 ca:02 12676196                   /tmp/hsperfdata_ec2-user/8650
7f0868acc000-7f0868ad0000 ---p 00000000 00:00 0 
7f0868ad0000-7f0868bd1000 rw-p 00000000 00:00 0 
7f0868bd1000-7f0868bd2000 r--p 00000000 ca:02 9923                       /usr/lib/locale/en_US.utf8/LC_NAME
7f0868bd2000-7f0868bd3000 r--p 00000000 ca:02 4195421                    /usr/lib/locale/en_US.utf8/LC_ADDRESS
7f0868bd3000-7f0868bd4000 r--p 00000000 ca:02 4998601                    /usr/lib/locale/en_US.utf8/LC_TELEPHONE
7f0868bd4000-7f0868bd5000 r--p 00000000 ca:02 4998599                    /usr/lib/locale/en_US.utf8/LC_MEASUREMENT
7f0868bd5000-7f0868bd6000 r--p 00000000 ca:02 4998598                    /usr/lib/locale/en_US.utf8/LC_IDENTIFICATION
7f0868bd6000-7f0868bd7000 ---p 00000000 00:00 0 
7f0868bd7000-7f0868bd8000 r--p 00000000 00:00 0 
7f0868bd8000-7f0868bd9000 r--p 00028000 ca:02 8410288                    /usr/lib64/ld-2.28.so
7f0868bd9000-7f0868bda000 rw-p 00029000 ca:02 8410288                    /usr/lib64/ld-2.28.so
7f0868bda000-7f0868bdb000 rw-p 00000000 00:00 0 
7ffc199ec000-7ffc19a0d000 rw-p 00000000 00:00 0                          [stack]
7ffc19aa7000-7ffc19aaa000 r--p 00000000 00:00 0                          [vvar]
7ffc19aaa000-7ffc19aac000 r-xp 00000000 00:00 0                          [vdso]
ffffffffff600000-ffffffffff601000 r-xp 00000000 00:00 0                  [vsyscall]


VM Arguments:
jvm_args: -Dclassworlds.conf=/opt/apache-maven-3.6.3/bin/m2.conf -Dmaven.home=/opt/apache-maven-3.6.3 -Dlibrary.jansi.path=/opt/apache-maven-3.6.3/lib/jansi-native -Dmaven.multiModuleProjectDirectory=/home/ec2-user/petclinicrepo 
java_command: org.codehaus.plexus.classworlds.launcher.Launcher compile
java_class_path (initial): /opt/apache-maven-3.6.3/boot/plexus-classworlds-2.6.0.jar
Launcher Type: SUN_STANDARD

[Global flags]
     intx CICompilerCount                          = 2                                         {product} {ergonomic}
   size_t InitialHeapSize                          = 14680064                                  {product} {ergonomic}
   size_t MaxHeapSize                              = 216006656                                 {product} {ergonomic}
   size_t MaxNewSize                               = 71958528                                  {product} {ergonomic}
   size_t MinHeapDeltaBytes                        = 196608                                    {product} {ergonomic}
   size_t NewSize                                  = 4849664                                   {product} {ergonomic}
    uintx NonNMethodCodeHeapSize                   = 5825164                                {pd product} {ergonomic}
    uintx NonProfiledCodeHeapSize                  = 122916538                              {pd product} {ergonomic}
   size_t OldSize                                  = 9830400                                   {product} {ergonomic}
    uintx ProfiledCodeHeapSize                     = 122916538                              {pd product} {ergonomic}
    uintx ReservedCodeCacheSize                    = 251658240                              {pd product} {ergonomic}
     bool SegmentedCodeCache                       = true                                      {product} {ergonomic}
     bool UseCompressedClassPointers               = true                                 {lp64_product} {ergonomic}
     bool UseCompressedOops                        = true                                 {lp64_product} {ergonomic}
     bool UseSerialGC                              = true                                      {product} {ergonomic}

Logging:
Log output configuration:
 #0: stdout all=warning uptime,level,tags
 #1: stderr all=off uptime,level,tags

Environment Variables:
PATH=/home/ec2-user/.local/bin:/home/ec2-user/bin:/usr/local/bin:/usr/bin:/usr/local/sbin:/usr/sbin:/opt/apache-maven-3.6.3/bin:/opt/apache-tomcat-8.5.50/bin:/opt/sonarqube-8.1.0.31237/bin:/OPT/apache-maven-3.6.3//bin/
SHELL=/bin/bash

Signal Handlers:
